mode: set
unicornus/internal/builder/form_layout.go:23.34,25.2 1 1
unicornus/internal/builder/form_layout.go:27.57,34.2 3 1
unicornus/internal/builder/form_layout.go:36.90,38.21 2 1
unicornus/internal/builder/form_layout.go:38.21,40.3 1 1
unicornus/internal/builder/form_layout.go:40.8,42.3 1 1
unicornus/internal/builder/form_layout.go:43.2,43.23 1 1
unicornus/internal/builder/form_layout.go:43.23,45.3 1 1
unicornus/internal/builder/form_layout.go:46.2,52.10 3 1
unicornus/internal/builder/form_layout_renderer.go:9.50,12.31 3 1
unicornus/internal/builder/form_layout_renderer.go:12.31,13.17 1 1
unicornus/internal/builder/form_layout_renderer.go:14.17,15.54 1 1
unicornus/internal/builder/form_layout_renderer.go:16.16,20.10 2 1
unicornus/internal/builder/form_layout_renderer.go:20.10,21.34 1 1
unicornus/internal/builder/form_layout_renderer.go:21.34,23.6 1 1
unicornus/internal/builder/form_layout_renderer.go:25.5,25.20 1 1
unicornus/internal/builder/form_layout_renderer.go:25.20,27.6 1 1
unicornus/internal/builder/form_layout_renderer.go:27.11,28.33 1 1
unicornus/internal/builder/form_layout_renderer.go:28.33,30.7 1 1
unicornus/internal/builder/form_layout_renderer.go:31.6,31.30 1 1
unicornus/internal/builder/form_layout_renderer.go:31.30,33.7 1 1
unicornus/internal/builder/form_layout_renderer.go:33.12,33.63 1 1
unicornus/internal/builder/form_layout_renderer.go:33.63,35.7 1 1
unicornus/internal/builder/form_layout_renderer.go:35.12,37.7 1 1
unicornus/internal/builder/form_layout_renderer.go:43.2,43.20 1 1
unicornus/internal/builder/form_layout_renderer.go:46.80,50.2 3 1
unicornus/internal/builder/form_layout_renderer.go:52.77,53.28 1 1
unicornus/internal/builder/form_layout_renderer.go:53.28,54.39 1 1
unicornus/internal/builder/form_layout_renderer.go:54.39,56.32 2 1
unicornus/internal/builder/form_layout_renderer.go:56.32,57.25 1 1
unicornus/internal/builder/form_layout_renderer.go:57.25,58.31 1 1
unicornus/internal/builder/form_layout_renderer.go:58.31,60.7 1 0
unicornus/internal/builder/form_layout_renderer.go:60.12,62.7 1 1
unicornus/internal/builder/form_layout_renderer.go:63.6,63.61 1 1
unicornus/internal/builder/form_layout_renderer.go:67.3,67.32 1 1
unicornus/internal/builder/form_layout_renderer.go:68.8,70.31 2 1
unicornus/internal/builder/form_layout_renderer.go:70.31,71.29 1 1
unicornus/internal/builder/form_layout_renderer.go:71.29,73.5 1 0
unicornus/internal/builder/form_layout_renderer.go:73.10,75.5 1 1
unicornus/internal/builder/form_layout_renderer.go:76.4,76.59 1 1
unicornus/internal/builder/form_layout_renderer.go:79.3,79.32 1 1
unicornus/internal/builder/form_layout_renderer.go:81.2,81.8 1 1
unicornus/internal/builder/form_layout_renderer.go:84.78,86.30 2 1
unicornus/internal/builder/form_layout_renderer.go:86.30,87.28 1 1
unicornus/internal/builder/form_layout_renderer.go:87.28,90.4 1 1
unicornus/internal/builder/form_layout_renderer.go:90.9,92.4 1 1
unicornus/internal/builder/form_layout_renderer.go:94.2,95.8 2 1
unicornus/internal/builder/form_layout_renderer.go:98.90,101.2 2 1
unicornus/internal/builder/form_layout_renderer.go:103.48,105.24 2 1
unicornus/internal/builder/form_layout_renderer.go:105.24,107.3 1 1
unicornus/internal/builder/form_layout_renderer.go:108.2,109.33 2 1
unicornus/internal/builder/form_layout_renderer.go:109.33,111.3 1 1
unicornus/internal/builder/form_layout_renderer.go:112.2,113.18 2 1
unicornus/internal/builder/form_layout_view_renderer.go:9.50,13.31 4 1
unicornus/internal/builder/form_layout_view_renderer.go:13.31,15.9 2 1
unicornus/internal/builder/form_layout_view_renderer.go:15.9,17.4 1 1
unicornus/internal/builder/form_layout_view_renderer.go:19.2,19.20 1 1
unicornus/internal/js/js.go:14.69,15.27 1 1
unicornus/internal/js/js.go:15.27,18.3 2 1
unicornus/internal/js/js.go:21.40,23.41 2 1
unicornus/internal/js/js.go:23.41,25.3 1 1
unicornus/internal/js/js.go:26.2,31.35 4 1
unicornus/internal/js/js.go:31.35,32.38 1 1
unicornus/internal/js/js.go:32.38,35.4 2 1
unicornus/internal/js/js.go:36.3,36.38 1 1
unicornus/internal/js/js.go:36.38,39.4 2 1
unicornus/internal/js/js.go:41.2,41.34 1 1
unicornus/internal/js/js.go:41.34,45.3 3 1
unicornus/internal/js/js.go:45.8,45.25 1 1
unicornus/internal/js/js.go:45.25,48.3 2 1
unicornus/internal/js/js.go:48.8,48.25 1 1
unicornus/internal/js/js.go:48.25,51.3 2 0
unicornus/internal/js/js.go:54.2,54.33 1 1
unicornus/internal/js/js.go:54.33,55.35 1 1
unicornus/internal/js/js.go:55.35,57.4 1 0
unicornus/internal/js/js.go:59.2,59.22 1 1
unicornus/internal/js/js.go:59.22,61.3 1 1
unicornus/internal/js/js.go:62.2,71.11 2 1
unicornus/internal/js/js.go:74.43,76.25 2 1
unicornus/internal/js/js.go:76.25,78.22 2 1
unicornus/internal/js/js.go:78.22,80.4 1 1
unicornus/internal/js/js.go:82.2,83.16 2 1
unicornus/internal/ui/choice.go:12.31,14.2 1 0
unicornus/internal/ui/choice.go:16.29,18.2 1 0
unicornus/internal/ui/choice.go:20.41,21.23 1 0
unicornus/internal/ui/choice.go:22.13,23.45 1 0
unicornus/internal/ui/choice.go:24.11,25.36 1 0
unicornus/internal/ui/choice.go:27.14,28.22 1 0
unicornus/internal/ui/choice.go:29.10,30.15 1 0
unicornus/internal/ui/field_generator.go:8.50,13.2 3 1
unicornus/internal/ui/field_generator.go:15.94,16.25 1 1
unicornus/internal/ui/field_generator.go:17.22,19.14 2 1
unicornus/internal/ui/field_generator.go:20.19,22.31 2 1
unicornus/internal/ui/field_generator.go:22.31,24.4 1 1
unicornus/internal/ui/field_generator.go:25.3,25.57 1 1
unicornus/internal/ui/field_generator.go:26.25,29.14 3 0
unicornus/internal/ui/field_generator.go:30.10,31.14 1 1
unicornus/internal/ui/field_generator.go:35.91,36.46 1 1
unicornus/internal/ui/field_generator.go:36.46,38.23 2 1
unicornus/internal/ui/field_generator.go:38.23,40.4 1 1
unicornus/internal/ui/field_generator.go:40.9,42.4 1 1
unicornus/internal/ui/field_generator.go:43.3,48.76 2 1
unicornus/internal/ui/field_generator.go:48.76,52.77 4 1
unicornus/internal/ui/field_generator.go:52.77,54.14 2 1
unicornus/internal/ui/field_generator.go:54.14,56.6 1 1
unicornus/internal/ui/field_generator.go:57.10,57.87 1 0
unicornus/internal/ui/field_generator.go:57.87,59.14 2 0
unicornus/internal/ui/field_generator.go:59.14,61.6 1 0
unicornus/internal/ui/field_generator.go:63.9,67.79 2 1
unicornus/internal/ui/field_generator.go:67.79,70.5 2 1
unicornus/internal/ui/field_generator.go:70.10,72.5 1 1
unicornus/internal/ui/field_generator.go:73.4,75.27 3 1
unicornus/internal/ui/field_generator.go:75.27,77.5 1 1
unicornus/internal/ui/field_generator.go:77.10,77.32 1 1
unicornus/internal/ui/field_generator.go:77.32,79.5 1 0
unicornus/internal/ui/field_generator.go:79.10,79.31 1 1
unicornus/internal/ui/field_generator.go:79.31,81.5 1 1
unicornus/internal/ui/field_generator.go:85.3,86.17 2 1
unicornus/internal/ui/field_generator.go:86.17,88.27 2 1
unicornus/internal/ui/field_generator.go:88.27,90.5 1 1
unicornus/internal/ui/field_generator.go:91.4,91.29 1 1
unicornus/internal/ui/field_generator.go:91.29,93.5 1 1
unicornus/internal/ui/field_generator.go:94.4,94.46 1 1
unicornus/internal/ui/field_generator.go:94.46,96.5 1 1
unicornus/internal/ui/field_generator.go:98.3,100.23 3 1
unicornus/internal/ui/field_generator.go:100.23,102.4 1 1
unicornus/internal/ui/field_generator.go:103.3,103.64 1 1
unicornus/internal/ui/field_generator.go:105.2,105.13 1 1
unicornus/internal/ui/field_generator.go:108.61,109.13 1 1
unicornus/internal/ui/field_generator.go:109.13,112.3 1 1
unicornus/internal/ui/field_generator.go:112.8,114.3 1 0
unicornus/internal/ui/field_generator.go:117.59,118.17 1 0
unicornus/internal/ui/field_generator.go:118.17,120.3 1 0
unicornus/internal/ui/field_generator.go:120.8,122.17 2 0
unicornus/internal/ui/field_generator.go:122.17,125.4 2 0
unicornus/internal/ui/field_generator.go:125.9,127.4 1 0
unicornus/internal/ui/field_generator.go:131.58,132.17 1 1
unicornus/internal/ui/field_generator.go:132.17,134.3 1 1
unicornus/internal/ui/field_generator.go:134.8,136.17 2 0
unicornus/internal/ui/field_generator.go:136.17,139.4 2 0
unicornus/internal/ui/field_generator.go:139.9,141.4 1 0
unicornus/internal/ui/field_map.go:3.59,5.27 2 1
unicornus/internal/ui/field_map.go:5.27,7.3 1 1
unicornus/internal/ui/field_map.go:8.2,8.10 1 1
unicornus/internal/ui/field_v.go:23.30,24.20 1 0
unicornus/internal/ui/field_v.go:24.20,25.23 1 0
unicornus/internal/ui/field_v.go:25.23,26.32 1 0
unicornus/internal/ui/field_v.go:26.32,27.24 1 0
unicornus/internal/ui/field_v.go:27.24,28.59 1 0
unicornus/internal/ui/field_v.go:28.59,30.7 1 0
unicornus/internal/ui/field_v.go:31.11,31.34 1 0
unicornus/internal/ui/field_v.go:31.34,32.28 1 0
unicornus/internal/ui/field_v.go:32.28,34.7 1 0
unicornus/internal/ui/field_v.go:37.4,37.18 1 0
unicornus/internal/ui/field_v.go:38.9,40.4 1 0
unicornus/internal/ui/field_v.go:41.8,43.3 1 0
unicornus/internal/ui/optional.go:5.35,7.2 1 1
unicornus/internal/ui/optional.go:9.40,10.39 1 1
unicornus/internal/ui/optional.go:10.39,12.3 1 1
unicornus/internal/ui/optional.go:13.2,13.12 1 1
unicornus/internal/ui/tags.go:9.39,12.15 3 1
unicornus/internal/ui/tags.go:12.15,14.3 1 1
unicornus/internal/ui/tags.go:15.2,15.25 1 1
unicornus/internal/ui/tags.go:18.31,21.16 3 1
unicornus/internal/ui/tags.go:21.16,23.33 2 1
unicornus/internal/ui/tags.go:23.33,24.27 1 1
unicornus/internal/ui/tags.go:24.27,27.5 2 1
unicornus/internal/ui/tags.go:28.4,28.26 1 1
unicornus/internal/ui/tags.go:28.26,30.5 1 1
unicornus/internal/ui/tags.go:31.4,31.26 1 1
unicornus/internal/ui/tags.go:31.26,34.5 2 1
unicornus/internal/ui/tags.go:36.3,36.45 1 1
unicornus/internal/ui/tags.go:36.45,39.37 3 1
unicornus/internal/ui/tags.go:39.37,41.32 2 1
unicornus/internal/ui/tags.go:41.32,48.6 3 1
unicornus/internal/ui/tags.go:49.5,49.20 1 1
unicornus/internal/ui/tags.go:51.9,51.28 1 1
unicornus/internal/ui/tags.go:51.28,53.30 2 1
unicornus/internal/ui/tags.go:53.30,60.5 3 1
unicornus/internal/ui/tags.go:61.4,61.19 1 1
unicornus/internal/ui/tags.go:64.2,64.11 1 1
unicornus/internal/ui/testutil.go:8.37,14.2 5 1
